<?xml version="1.0" encoding="UTF-8"?>
<testsuite name="com.hotel.test.HotelReservationTest" tests="1" skipped="0" failures="0" errors="0" timestamp="2019-05-13T07:29:30" hostname="INpraveersatyam.local" time="0.004">
  <properties/>
  <testcase name="findHotelForRegularCustomerFor3WeekDays" classname="com.hotel.test.HotelReservationTest" time="0.004"/>
  <system-out><![CDATA[]]></system-out>
  <system-err><![CDATA[]]></system-err>
</testsuite>
